<?xml version="1.0" encoding="UTF-8"?>
<robot generator="Robot 6.1.1 (Python 3.7.3 on win32)" generated="20240409 17:56:26.189" rpa="false" schemaversion="4">
<suite id="s1" name="Generated Tests" source="C:\Users\user\Desktop\final\test_project\robot_suits\generated_tests.robot">
<test id="s1-t1" name="Open google.com" line="6">
<kw name="Open Browser" library="SeleniumLibrary">
<arg>browser=chrome</arg>
<doc>Opens a new browser instance to the optional ``url``.</doc>
<msg timestamp="20240409 17:56:26.497" level="INFO">Opening browser 'chrome' to base url 'None'.</msg>
<status status="PASS" starttime="20240409 17:56:26.497" endtime="20240409 17:56:28.166"/>
</kw>
<kw name="Go To" library="SeleniumLibrary">
<arg>https://www.google.com</arg>
<doc>Navigates the current browser window to the provided ``url``.</doc>
<msg timestamp="20240409 17:56:28.166" level="INFO">Opening url 'https://www.google.com'</msg>
<status status="PASS" starttime="20240409 17:56:28.166" endtime="20240409 17:56:32.306"/>
</kw>
<status status="PASS" starttime="20240409 17:56:26.496" endtime="20240409 17:56:32.307"/>
</test>
<status status="PASS" starttime="20240409 17:56:26.192" endtime="20240409 17:56:32.309"/>
</suite>
<statistics>
<total>
<stat pass="1" fail="0" skip="0">All Tests</stat>
</total>
<tag>
</tag>
<suite>
<stat pass="1" fail="0" skip="0" id="s1" name="Generated Tests">Generated Tests</stat>
</suite>
</statistics>
<errors>
</errors>
</robot>
